Determining if the pthread_create exist failed with the following output:
Change Dir: /home/vund/advancedhpc2017/labwork/build/CMakeFiles/CMakeTmp

Run Build Command:"/usr/bin/make" "cmTC_e107b/fast"
/usr/bin/make -f CMakeFiles/cmTC_e107b.dir/build.make CMakeFiles/cmTC_e107b.dir/build
make[1]: Entering directory '/home/vund/advancedhpc2017/labwork/build/CMakeFiles/CMakeTmp'
Building C object CMakeFiles/cmTC_e107b.dir/CheckSymbolExists.c.o
/usr/bin/cc    -fPIC    -o CMakeFiles/cmTC_e107b.dir/CheckSymbolExists.c.o   -c /home/vund/advancedhpc2017/labwork/build/CMakeFiles/CMakeTmp/CheckSymbolExists.c
Linking C executable cmTC_e107b
/usr/bin/cmake -E cmake_link_script CMakeFiles/cmTC_e107b.dir/link.txt --verbose=1
/usr/bin/cc  -fPIC     CMakeFiles/cmTC_e107b.dir/CheckSymbolExists.c.o  -o cmTC_e107b -rdynamic 
CMakeFiles/cmTC_e107b.dir/CheckSymbolExists.c.o: In function `main':
CheckSymbolExists.c:(.text+0x1b): undefined reference to `pthread_create'
collect2: error: ld returned 1 exit status
CMakeFiles/cmTC_e107b.dir/build.make:97: recipe for target 'cmTC_e107b' failed
make[1]: *** [cmTC_e107b] Error 1
make[1]: Leaving directory '/home/vund/advancedhpc2017/labwork/build/CMakeFiles/CMakeTmp'
Makefile:126: recipe for target 'cmTC_e107b/fast' failed
make: *** [cmTC_e107b/fast] Error 2

File /home/vund/advancedhpc2017/labwork/build/CMakeFiles/CMakeTmp/CheckSymbolExists.c:
/* */
#include <pthread.h>

int main(int argc, char** argv)
{
  (void)argv;
#ifndef pthread_create
  return ((int*)(&pthread_create))[argc];
#else
  (void)argc;
  return 0;
#endif
}

Determining if the function pthread_create exists in the pthreads failed with the following output:
Change Dir: /home/vund/advancedhpc2017/labwork/build/CMakeFiles/CMakeTmp

Run Build Command:"/usr/bin/make" "cmTC_7d715/fast"
/usr/bin/make -f CMakeFiles/cmTC_7d715.dir/build.make CMakeFiles/cmTC_7d715.dir/build
make[1]: Entering directory '/home/vund/advancedhpc2017/labwork/build/CMakeFiles/CMakeTmp'
Building C object CMakeFiles/cmTC_7d715.dir/CheckFunctionExists.c.o
/usr/bin/cc    -fPIC -DCHECK_FUNCTION_EXISTS=pthread_create   -o CMakeFiles/cmTC_7d715.dir/CheckFunctionExists.c.o   -c /usr/share/cmake-3.7/Modules/CheckFunctionExists.c
Linking C executable cmTC_7d715
/usr/bin/cmake -E cmake_link_script CMakeFiles/cmTC_7d715.dir/link.txt --verbose=1
/usr/bin/cc  -fPIC -DCHECK_FUNCTION_EXISTS=pthread_create    CMakeFiles/cmTC_7d715.dir/CheckFunctionExists.c.o  -o cmTC_7d715 -rdynamic -lpthreads 
/usr/bin/ld: cannot find -lpthreads
collect2: error: ld returned 1 exit status
CMakeFiles/cmTC_7d715.dir/build.make:97: recipe for target 'cmTC_7d715' failed
make[1]: *** [cmTC_7d715] Error 1
make[1]: Leaving directory '/home/vund/advancedhpc2017/labwork/build/CMakeFiles/CMakeTmp'
Makefile:126: recipe for target 'cmTC_7d715/fast' failed
make: *** [cmTC_7d715/fast] Error 2


